<<<<<<< HEAD
﻿  Trail.cpp
C:\Users\louis\Desktop\polygongame\polygongame\polygongame\Agent.h(7,14): warning C4099: 'Agent': type name first seen using 'class' now seen using 'struct'
C:\Users\louis\Desktop\polygongame\polygongame\polygongame\Agent.h(7): message : see declaration of 'Agent'
C:\Users\louis\Desktop\polygongame\polygongame\polygongame\Trail.cpp(45,48): warning C4244: 'argument': conversion from 'float' to 'sf::Uint8', possible loss of data
C:\Users\louis\Desktop\polygongame\polygongame\polygongame\Trail.cpp(45,36): warning C4244: 'argument': conversion from 'float' to 'sf::Uint8', possible loss of data
C:\Users\louis\Desktop\polygongame\polygongame\polygongame\Trail.cpp(48,49): warning C4244: 'argument': conversion from 'float' to 'sf::Uint8', possible loss of data
C:\Users\louis\Desktop\polygongame\polygongame\polygongame\Trail.cpp(48,33): warning C4244: 'argument': conversion from 'float' to 'sf::Uint8', possible loss of data
  polygongame.vcxproj -> C:\Users\louis\Desktop\polygongame\polygongame\Debug\polygongame.exe
=======
﻿  Agent.cpp
C:\Users\Jérôme\Desktop\zeg\polygongame\polygongame\Agent.h(7,14): warning C4099: 'Agent' : nom de type déjà rencontré avec 'class' et utilisant maintenant 'struct'
C:\Users\Jérôme\Desktop\zeg\polygongame\polygongame\Agent.h(7): message : voir la déclaration de 'Agent'
C:\Users\Jérôme\Desktop\zeg\polygongame\polygongame\Ball.h(4,12): warning C4099: 'Game' : nom de type déjà rencontré avec 'class' et utilisant maintenant 'struct'
C:\Users\Jérôme\Desktop\zeg\polygongame\polygongame\Bullet.h(3): message : voir la déclaration de 'Game'
C:\Users\Jérôme\Desktop\zeg\polygongame\polygongame\Game.h(7,13): warning C4099: 'Game' : nom de type déjà rencontré avec 'class' et utilisant maintenant 'struct'
C:\Users\Jérôme\Desktop\zeg\polygongame\polygongame\Game.h(7): message : voir la déclaration de 'Game'
C:\Users\Jérôme\Desktop\zeg\polygongame\polygongame\Agent.cpp(49,36): warning C4244: 'argument' : conversion de 'int' en 'float', perte possible de données
C:\Users\Jérôme\Desktop\zeg\polygongame\polygongame\Agent.cpp(49,27): warning C4244: 'argument' : conversion de 'int' en 'float', perte possible de données
C:\Users\Jérôme\Desktop\zeg\polygongame\polygongame\Agent.cpp(94,15): warning C4244: 'initialisation' : conversion de 'float' en 'int', perte possible de données
C:\Users\Jérôme\Desktop\zeg\polygongame\polygongame\Agent.cpp(149,19): warning C4244: 'initialisation' : conversion de 'int' en 'float', perte possible de données
C:\Users\Jérôme\Desktop\zeg\polygongame\polygongame\Agent.cpp(159,19): warning C4244: 'initialisation' : conversion de 'int' en 'float', perte possible de données
C:\Users\Jérôme\Desktop\zeg\polygongame\polygongame\Agent.cpp(192,60): warning C4244: 'argument' : conversion de 'int' en 'T', perte possible de données
          with
          [
              T=float
          ]
C:\Users\Jérôme\Desktop\zeg\polygongame\polygongame\Agent.cpp(192,47): warning C4244: 'argument' : conversion de 'int' en 'T', perte possible de données
          with
          [
              T=float
          ]
C:\Users\Jérôme\Desktop\zeg\polygongame\polygongame\Agent.cpp(194,61): warning C4244: 'argument' : conversion de 'int' en 'T', perte possible de données
          with
          [
              T=float
          ]
C:\Users\Jérôme\Desktop\zeg\polygongame\polygongame\Agent.cpp(194,47): warning C4244: 'argument' : conversion de 'int' en 'T', perte possible de données
          with
          [
              T=float
          ]
  Game.cpp
C:\Users\Jérôme\Desktop\zeg\polygongame\polygongame\Agent.h(7,14): warning C4099: 'Agent' : nom de type déjà rencontré avec 'class' et utilisant maintenant 'struct'
C:\Users\Jérôme\Desktop\zeg\polygongame\polygongame\Agent.h(7): message : voir la déclaration de 'Agent'
C:\Users\Jérôme\Desktop\zeg\polygongame\polygongame\Ball.h(4,12): warning C4099: 'Game' : nom de type déjà rencontré avec 'class' et utilisant maintenant 'struct'
C:\Users\Jérôme\Desktop\zeg\polygongame\polygongame\Bullet.h(3): message : voir la déclaration de 'Game'
C:\Users\Jérôme\Desktop\zeg\polygongame\polygongame\Game.h(7,13): warning C4099: 'Game' : nom de type déjà rencontré avec 'class' et utilisant maintenant 'struct'
C:\Users\Jérôme\Desktop\zeg\polygongame\polygongame\Game.h(7): message : voir la déclaration de 'Game'
C:\Users\Jérôme\Desktop\zeg\polygongame\polygongame\Game.cpp(12,85): warning C4244: 'argument' : conversion de 'unsigned int' en 'float', perte possible de données
C:\Users\Jérôme\Desktop\zeg\polygongame\polygongame\Game.cpp(12,51): warning C4244: 'argument' : conversion de 'unsigned int' en 'float', perte possible de données
  Génération de code en cours...
  polygongame.vcxproj -> C:\Users\Jérôme\Desktop\zeg\polygongame\Debug\polygongame.exe
>>>>>>> origin/2
